<?xml version="1.0" encoding="UTF-8"?>
<!-- Generated by org.testng.reporters.JUnitXMLReporter -->
<testsuite hostname="DESKTOP-FGT58SB" ignored="0" name="Test" tests="4" failures="1" timestamp="07 Sep 2018 07:05:54 GMT" time="147.073" errors="0">
  <testcase name="updatingTheProfile" time="31.444" classname="com.patientApp.TestCases.MavenTestClass"/>
  <testcase name="whatWeTreat" time="16.181" classname="com.patientApp.TestCases.MavenTestClass">
    <skipped/>
  </testcase> <!-- whatWeTreat -->
  <testcase name="whatWeTreat" time="9.525" classname="com.patientApp.TestCases.MavenTestClass">
    <skipped/>
  </testcase> <!-- whatWeTreat -->
  <testcase name="whatWeTreat" time="16.131" classname="com.patientApp.TestCases.MavenTestClass">
    <failure type="org.openqa.selenium.TimeoutException" message="Expected condition failed: waiting for presence of element located by: By.xpath: //android.widget.LinearLayout[@index=&amp;apos;0&amp;apos;]/android.widget.LinearLayout/android.widget.LinearLayout[@index=&amp;apos;1&amp;apos;]/android.widget.TextView (tried for 10 second(s) with 500 milliseconds interval)">
      <![CDATA[org.openqa.selenium.TimeoutException: Expected condition failed: waiting for presence of element located by: By.xpath: //android.widget.LinearLayout[@index='0']/android.widget.LinearLayout/android.widget.LinearLayout[@index='1']/android.widget.TextView (tried for 10 second(s) with 500 milliseconds interval)
at org.openqa.selenium.support.ui.WebDriverWait.timeoutException(WebDriverWait.java:81)
at org.openqa.selenium.support.ui.FluentWait.until(FluentWait.java:271)
at com.patientApp.Base.MavenGenericMethods.whatWeTreatHam(MavenGenericMethods.java:1044)
at com.patientApp.TestCases.MavenTestClass.whatWeTreat(MavenTestClass.java:90)
Caused by: org.openqa.selenium.NoSuchElementException: Cannot locate an element using By.xpath: //android.widget.LinearLayout[@index='0']/android.widget.LinearLayout/android.widget.LinearLayout[@index='1']/android.widget.TextView
For documentation on this error, please visit: http://seleniumhq.org/exceptions/no_such_element.html
Build info: version: '3.11.0', revision: 'e59cfb3', time: '2018-03-11T20:26:55.152Z'
System info: host: 'DESKTOP-FGT58SB', ip: '192.168.2.77', os.name: 'Windows 10', os.arch: 'amd64', os.version: '10.0', java.version: '1.8.0_161'
Driver info: driver.version: unknown
at org.openqa.selenium.support.ui.ExpectedConditions.lambda$findElement$0(ExpectedConditions.java:896)
at java.util.Optional.orElseThrow(Optional.java:290)
at org.openqa.selenium.support.ui.ExpectedConditions.findElement(ExpectedConditions.java:895)
at org.openqa.selenium.support.ui.ExpectedConditions.access$000(ExpectedConditions.java:44)
at org.openqa.selenium.support.ui.ExpectedConditions$6.apply(ExpectedConditions.java:183)
at org.openqa.selenium.support.ui.ExpectedConditions$6.apply(ExpectedConditions.java:180)
at org.openqa.selenium.support.ui.FluentWait.until(FluentWait.java:248)
... 27 more
... Removed 25 stack frames]]>
    </failure>
  </testcase> <!-- whatWeTreat -->
</testsuite> <!-- Test -->
